#-----------------------------------------------------------
# Vivado v2019.2 (64-bit)
# SW Build 2708876 on Wed Nov  6 21:40:23 MST 2019
# IP Build 2700528 on Thu Nov  7 00:09:20 MST 2019
# Start of session at: Wed Nov 20 08:13:16 2024
# Process ID: 47168
# Current directory: D:/Vivado/repos/HECTemp/HECTemp
# Command line: vivado.exe -gui_launcher_event rodinguilauncherevent67840 D:\Vivado\repos\HECTemp\HECTemp\HECTemp.xpr
# Log file: D:/Vivado/repos/HECTemp/HECTemp/vivado.log
# Journal file: D:/Vivado/repos/HECTemp/HECTemp\vivado.jou
#-----------------------------------------------------------
start_gui
open_project D:/Vivado/repos/HECTemp/HECTemp/HECTemp.xpr
INFO: [Project 1-313] Project file moved from 'D:/vivadoProject/HECTemp/HECTemp' since last save.
Scanning sources...
Finished scanning sources
INFO: [IP_Flow 19-234] Refreshing IP repositories
INFO: [IP_Flow 19-1704] No user IP repositories specified
INFO: [IP_Flow 19-2313] Loaded Vivado IP repository 'D:/Vivado/Vivado/2019.2/data/ip'.
save_project_as BCD D:/Vivado/repos/BCD -force
file mkdir D:/Vivado/repos/BCD/BCD.srcs/sources_1/new
close [ open D:/Vivado/repos/BCD/BCD.srcs/sources_1/new/BCD.v w ]
add_files D:/Vivado/repos/BCD/BCD.srcs/sources_1/new/BCD.v
update_compile_order -fileset sources_1
file mkdir D:/Vivado/repos/BCD/BCD.srcs/constrs_1
file mkdir D:/Vivado/repos/BCD/BCD.srcs/constrs_1/new
close [ open D:/Vivado/repos/BCD/BCD.srcs/constrs_1/new/BCD_constrs.xdc w ]
add_files -fileset constrs_1 D:/Vivado/repos/BCD/BCD.srcs/constrs_1/new/BCD_constrs.xdc
exit
INFO: [Common 17-206] Exiting Vivado at Wed Nov 20 08:15:16 2024...
