#-----------------------------------------------------------
# Vivado v2019.2 (64-bit)
# SW Build 2708876 on Wed Nov  6 21:40:23 MST 2019
# IP Build 2700528 on Thu Nov  7 00:09:20 MST 2019
# Start of session at: Wed Nov 20 08:48:11 2024
# Process ID: 41560
# Current directory: D:/Vivado/repos/BCD
# Command line: vivado.exe -gui_launcher_event rodinguilauncherevent67312 D:\Vivado\repos\BCD\BCD.xpr
# Log file: D:/Vivado/repos/BCD/vivado.log
# Journal file: D:/Vivado/repos/BCD\vivado.jou
#-----------------------------------------------------------
start_gui
open_project D:/Vivado/repos/BCD/BCD.xpr
Scanning sources...
Finished scanning sources
INFO: [IP_Flow 19-234] Refreshing IP repositories
INFO: [IP_Flow 19-1704] No user IP repositories specified
INFO: [IP_Flow 19-2313] Loaded Vivado IP repository 'D:/Vivado/Vivado/2019.2/data/ip'.
open_project: Time (s): cpu = 00:00:01 ; elapsed = 00:00:05 . Memory (MB): peak = 883.004 ; gain = 176.727
update_compile_order -fileset sources_1
launch_runs impl_1 -to_step write_bitstream -jobs 8
[Wed Nov 20 08:55:31 2024] Launched synth_1...
Run output will be captured here: D:/Vivado/repos/BCD/BCD.runs/synth_1/runme.log
[Wed Nov 20 08:55:31 2024] Launched impl_1...
Run output will be captured here: D:/Vivado/repos/BCD/BCD.runs/impl_1/runme.log
reset_run synth_1
launch_runs impl_1 -to_step write_bitstream -jobs 8
[Wed Nov 20 08:56:19 2024] Launched synth_1...
Run output will be captured here: D:/Vivado/repos/BCD/BCD.runs/synth_1/runme.log
[Wed Nov 20 08:56:19 2024] Launched impl_1...
Run output will be captured here: D:/Vivado/repos/BCD/BCD.runs/impl_1/runme.log
reset_run synth_1
launch_runs impl_1 -to_step write_bitstream -jobs 8
[Wed Nov 20 09:00:37 2024] Launched synth_1...
Run output will be captured here: D:/Vivado/repos/BCD/BCD.runs/synth_1/runme.log
[Wed Nov 20 09:00:37 2024] Launched impl_1...
Run output will be captured here: D:/Vivado/repos/BCD/BCD.runs/impl_1/runme.log
reset_run synth_1
launch_runs impl_1 -to_step write_bitstream -jobs 8
[Wed Nov 20 09:01:39 2024] Launched synth_1...
Run output will be captured here: D:/Vivado/repos/BCD/BCD.runs/synth_1/runme.log
[Wed Nov 20 09:01:39 2024] Launched impl_1...
Run output will be captured here: D:/Vivado/repos/BCD/BCD.runs/impl_1/runme.log
reset_run synth_1
launch_runs impl_1 -to_step write_bitstream -jobs 8
[Wed Nov 20 09:04:26 2024] Launched synth_1...
Run output will be captured here: D:/Vivado/repos/BCD/BCD.runs/synth_1/runme.log
[Wed Nov 20 09:04:26 2024] Launched impl_1...
Run output will be captured here: D:/Vivado/repos/BCD/BCD.runs/impl_1/runme.log
open_run impl_1
INFO: [Device 21-403] Loading part xc7a200tfbg676-2
Netlist sorting complete. Time (s): cpu = 00:00:00 ; elapsed = 00:00:00 . Memory (MB): peak = 2540.250 ; gain = 0.000
INFO: [Project 1-479] Netlist was created with Vivado 2019.2
INFO: [Project 1-570] Preparing netlist for logic optimization
INFO: [Timing 38-478] Restoring timing data from binary archive.
INFO: [Timing 38-479] Binary timing data restore complete.
INFO: [Project 1-856] Restoring constraints from binary archive.
INFO: [Project 1-853] Binary constraint restore complete.
Reading XDEF placement.
Reading placer database...
Reading XDEF routing.
Read XDEF File: Time (s): cpu = 00:00:00 ; elapsed = 00:00:00.021 . Memory (MB): peak = 2540.250 ; gain = 0.000
Restored from archive | CPU: 0.000000 secs | Memory: 0.000000 MB |
Finished XDEF File Restore: Time (s): cpu = 00:00:00 ; elapsed = 00:00:00.021 . Memory (MB): peak = 2540.250 ; gain = 0.000
Netlist sorting complete. Time (s): cpu = 00:00:00 ; elapsed = 00:00:00 . Memory (MB): peak = 2540.250 ; gain = 0.000
INFO: [Project 1-111] Unisim Transformation Summary:
No Unisim elements were transformed.

open_run: Time (s): cpu = 00:00:07 ; elapsed = 00:00:12 . Memory (MB): peak = 2540.250 ; gain = 0.000
WARNING: [Timing 38-313] There are no user specified timing constraints. Timing constraints are needed for proper timing analysis.
reset_run synth_1
launch_runs impl_1 -to_step write_bitstream -jobs 8
[Wed Nov 20 09:07:16 2024] Launched synth_1...
Run output will be captured here: D:/Vivado/repos/BCD/BCD.runs/synth_1/runme.log
[Wed Nov 20 09:07:16 2024] Launched impl_1...
Run output will be captured here: D:/Vivado/repos/BCD/BCD.runs/impl_1/runme.log
reset_run synth_1
launch_runs impl_1 -to_step write_bitstream -jobs 8
[Wed Nov 20 09:08:50 2024] Launched synth_1...
Run output will be captured here: D:/Vivado/repos/BCD/BCD.runs/synth_1/runme.log
[Wed Nov 20 09:08:50 2024] Launched impl_1...
Run output will be captured here: D:/Vivado/repos/BCD/BCD.runs/impl_1/runme.log
reset_run synth_1
launch_runs impl_1 -to_step write_bitstream -jobs 8
[Wed Nov 20 09:16:27 2024] Launched synth_1...
Run output will be captured here: D:/Vivado/repos/BCD/BCD.runs/synth_1/runme.log
[Wed Nov 20 09:16:27 2024] Launched impl_1...
Run output will be captured here: D:/Vivado/repos/BCD/BCD.runs/impl_1/runme.log
reset_run synth_1
launch_runs impl_1 -to_step write_bitstream -jobs 8
[Wed Nov 20 09:19:49 2024] Launched synth_1...
Run output will be captured here: D:/Vivado/repos/BCD/BCD.runs/synth_1/runme.log
[Wed Nov 20 09:19:49 2024] Launched impl_1...
Run output will be captured here: D:/Vivado/repos/BCD/BCD.runs/impl_1/runme.log
close_design
close_project
open_project D:/Vivado/repos/decoder3_8/decoder3_8.xpr
Scanning sources...
Finished scanning sources
INFO: [IP_Flow 19-234] Refreshing IP repositories
INFO: [IP_Flow 19-1704] No user IP repositories specified
INFO: [IP_Flow 19-2313] Loaded Vivado IP repository 'D:/Vivado/Vivado/2019.2/data/ip'.
update_compile_order -fileset sources_1
close_project
open_project D:/Vivado/repos/BCD/BCD.xpr
CRITICAL WARNING: [Project 1-19] Could not find the file 'D:/Vivado/repos/BCD/BCD.srcs/constrs_1/new/BCD_constrs.xdc'.
Scanning sources...
Finished scanning sources
INFO: [IP_Flow 19-234] Refreshing IP repositories
INFO: [IP_Flow 19-1704] No user IP repositories specified
INFO: [IP_Flow 19-2313] Loaded Vivado IP repository 'D:/Vivado/Vivado/2019.2/data/ip'.
update_compile_order -fileset sources_1
update_files -from_files D:/Vivado/repos/BCD/BCD.srcs/constrs_1/new/BCD.xdc -to_files D:/Vivado/repos/BCD/BCD.srcs/constrs_1/new/BCD_constrs.xdc -filesets [get_filesets *]
INFO: [filemgmt 20-762] Replacing file 'D:/Vivado/repos/BCD/BCD.srcs/constrs_1/new/BCD_constrs.xdc' with file 'D:/Vivado/repos/BCD/BCD.srcs/constrs_1/new/BCD.xdc'.
reset_run synth_1
launch_runs impl_1 -to_step write_bitstream -jobs 8
[Wed Nov 20 09:28:35 2024] Launched synth_1...
Run output will be captured here: D:/Vivado/repos/BCD/BCD.runs/synth_1/runme.log
[Wed Nov 20 09:28:35 2024] Launched impl_1...
Run output will be captured here: D:/Vivado/repos/BCD/BCD.runs/impl_1/runme.log
open_run impl_1
Netlist sorting complete. Time (s): cpu = 00:00:00 ; elapsed = 00:00:00.001 . Memory (MB): peak = 3883.586 ; gain = 0.000
INFO: [Project 1-479] Netlist was created with Vivado 2019.2
INFO: [Project 1-570] Preparing netlist for logic optimization
INFO: [Timing 38-478] Restoring timing data from binary archive.
INFO: [Timing 38-479] Binary timing data restore complete.
INFO: [Project 1-856] Restoring constraints from binary archive.
INFO: [Project 1-853] Binary constraint restore complete.
Reading XDEF placement.
Reading placer database...
Reading XDEF routing.
Read XDEF File: Time (s): cpu = 00:00:00 ; elapsed = 00:00:00.019 . Memory (MB): peak = 3883.586 ; gain = 0.000
Restored from archive | CPU: 0.000000 secs | Memory: 0.000000 MB |
Finished XDEF File Restore: Time (s): cpu = 00:00:00 ; elapsed = 00:00:00.019 . Memory (MB): peak = 3883.586 ; gain = 0.000
Netlist sorting complete. Time (s): cpu = 00:00:00 ; elapsed = 00:00:00 . Memory (MB): peak = 3883.586 ; gain = 0.000
INFO: [Project 1-111] Unisim Transformation Summary:
No Unisim elements were transformed.

WARNING: [Timing 38-313] There are no user specified timing constraints. Timing constraints are needed for proper timing analysis.
reset_run synth_1
launch_runs impl_1 -to_step write_bitstream -jobs 8
[Wed Nov 20 09:34:20 2024] Launched synth_1...
Run output will be captured here: D:/Vivado/repos/BCD/BCD.runs/synth_1/runme.log
[Wed Nov 20 09:34:20 2024] Launched impl_1...
Run output will be captured here: D:/Vivado/repos/BCD/BCD.runs/impl_1/runme.log
reset_run synth_1
launch_runs impl_1 -to_step write_bitstream -jobs 8
[Wed Nov 20 09:37:46 2024] Launched synth_1...
Run output will be captured here: D:/Vivado/repos/BCD/BCD.runs/synth_1/runme.log
[Wed Nov 20 09:37:46 2024] Launched impl_1...
Run output will be captured here: D:/Vivado/repos/BCD/BCD.runs/impl_1/runme.log
refresh_design
Netlist sorting complete. Time (s): cpu = 00:00:00 ; elapsed = 00:00:00 . Memory (MB): peak = 4104.004 ; gain = 0.000
INFO: [Project 1-479] Netlist was created with Vivado 2019.2
INFO: [Project 1-570] Preparing netlist for logic optimization
INFO: [Timing 38-478] Restoring timing data from binary archive.
INFO: [Timing 38-479] Binary timing data restore complete.
INFO: [Project 1-856] Restoring constraints from binary archive.
INFO: [Project 1-853] Binary constraint restore complete.
Reading XDEF placement.
Reading placer database...
Reading XDEF routing.
Read XDEF File: Time (s): cpu = 00:00:00 ; elapsed = 00:00:00.020 . Memory (MB): peak = 4104.004 ; gain = 0.000
Restored from archive | CPU: 0.000000 secs | Memory: 0.000000 MB |
Finished XDEF File Restore: Time (s): cpu = 00:00:00 ; elapsed = 00:00:00.020 . Memory (MB): peak = 4104.004 ; gain = 0.000
WARNING: [Timing 38-313] There are no user specified timing constraints. Timing constraints are needed for proper timing analysis.
reset_run synth_1
launch_runs impl_1 -to_step write_bitstream -jobs 8
[Wed Nov 20 09:44:03 2024] Launched synth_1...
Run output will be captured here: D:/Vivado/repos/BCD/BCD.runs/synth_1/runme.log
[Wed Nov 20 09:44:03 2024] Launched impl_1...
Run output will be captured here: D:/Vivado/repos/BCD/BCD.runs/impl_1/runme.log
close_project
open_project D:/Vivado/repos/HECTemp/HECTemp/HECTemp.xpr
INFO: [Project 1-313] Project file moved from 'D:/vivadoProject/HECTemp/HECTemp' since last save.
Scanning sources...
Finished scanning sources
INFO: [IP_Flow 19-234] Refreshing IP repositories
INFO: [IP_Flow 19-1704] No user IP repositories specified
INFO: [IP_Flow 19-2313] Loaded Vivado IP repository 'D:/Vivado/Vivado/2019.2/data/ip'.
save_project_as pointer D:/Vivado/repos/pointer -force
file mkdir D:/Vivado/repos/pointer/pointer.srcs/sources_1/new
close [ open D:/Vivado/repos/pointer/pointer.srcs/sources_1/new/pointer.v w ]
add_files D:/Vivado/repos/pointer/pointer.srcs/sources_1/new/pointer.v
update_compile_order -fileset sources_1
file mkdir D:/Vivado/repos/pointer/pointer.srcs/constrs_1
file mkdir D:/Vivado/repos/pointer/pointer.srcs/constrs_1/new
close [ open D:/Vivado/repos/pointer/pointer.srcs/constrs_1/new/pointer.xdc w ]
add_files -fileset constrs_1 D:/Vivado/repos/pointer/pointer.srcs/constrs_1/new/pointer.xdc
close [ open D:/Vivado/repos/pointer/pointer.srcs/sources_1/new/BCD.v w ]
add_files D:/Vivado/repos/pointer/pointer.srcs/sources_1/new/BCD.v
update_compile_order -fileset sources_1
update_compile_order -fileset sources_1
launch_runs impl_1 -to_step write_bitstream -jobs 8
[Wed Nov 20 10:22:51 2024] Launched synth_1...
Run output will be captured here: D:/Vivado/repos/pointer/pointer.runs/synth_1/runme.log
[Wed Nov 20 10:22:51 2024] Launched impl_1...
Run output will be captured here: D:/Vivado/repos/pointer/pointer.runs/impl_1/runme.log
reset_run synth_1
launch_runs impl_1 -to_step write_bitstream -jobs 8
[Wed Nov 20 10:24:45 2024] Launched synth_1...
Run output will be captured here: D:/Vivado/repos/pointer/pointer.runs/synth_1/runme.log
[Wed Nov 20 10:24:45 2024] Launched impl_1...
Run output will be captured here: D:/Vivado/repos/pointer/pointer.runs/impl_1/runme.log
reset_run synth_1
launch_runs impl_1 -to_step write_bitstream -jobs 8
[Wed Nov 20 10:29:13 2024] Launched synth_1...
Run output will be captured here: D:/Vivado/repos/pointer/pointer.runs/synth_1/runme.log
[Wed Nov 20 10:29:13 2024] Launched impl_1...
Run output will be captured here: D:/Vivado/repos/pointer/pointer.runs/impl_1/runme.log
reset_run synth_1
launch_runs impl_1 -to_step write_bitstream -jobs 8
[Wed Nov 20 10:41:15 2024] Launched synth_1...
Run output will be captured here: D:/Vivado/repos/pointer/pointer.runs/synth_1/runme.log
[Wed Nov 20 10:41:15 2024] Launched impl_1...
Run output will be captured here: D:/Vivado/repos/pointer/pointer.runs/impl_1/runme.log
reset_run synth_1
launch_runs impl_1 -to_step write_bitstream -jobs 8
[Wed Nov 20 10:43:20 2024] Launched synth_1...
Run output will be captured here: D:/Vivado/repos/pointer/pointer.runs/synth_1/runme.log
[Wed Nov 20 10:43:20 2024] Launched impl_1...
Run output will be captured here: D:/Vivado/repos/pointer/pointer.runs/impl_1/runme.log
reset_run synth_1
launch_runs impl_1 -to_step write_bitstream -jobs 8
[Wed Nov 20 10:46:59 2024] Launched synth_1...
Run output will be captured here: D:/Vivado/repos/pointer/pointer.runs/synth_1/runme.log
[Wed Nov 20 10:46:59 2024] Launched impl_1...
Run output will be captured here: D:/Vivado/repos/pointer/pointer.runs/impl_1/runme.log
reset_run synth_1
launch_runs impl_1 -to_step write_bitstream -jobs 8
[Wed Nov 20 10:47:30 2024] Launched synth_1...
Run output will be captured here: D:/Vivado/repos/pointer/pointer.runs/synth_1/runme.log
[Wed Nov 20 10:47:30 2024] Launched impl_1...
Run output will be captured here: D:/Vivado/repos/pointer/pointer.runs/impl_1/runme.log
open_run impl_1
Netlist sorting complete. Time (s): cpu = 00:00:00 ; elapsed = 00:00:00.001 . Memory (MB): peak = 4104.004 ; gain = 0.000
INFO: [Project 1-479] Netlist was created with Vivado 2019.2
INFO: [Project 1-570] Preparing netlist for logic optimization
INFO: [Timing 38-478] Restoring timing data from binary archive.
INFO: [Timing 38-479] Binary timing data restore complete.
INFO: [Project 1-856] Restoring constraints from binary archive.
INFO: [Project 1-853] Binary constraint restore complete.
Reading XDEF placement.
Reading placer database...
Reading XDEF routing.
Read XDEF File: Time (s): cpu = 00:00:00 ; elapsed = 00:00:00.031 . Memory (MB): peak = 4104.004 ; gain = 0.000
Restored from archive | CPU: 0.000000 secs | Memory: 0.000000 MB |
Finished XDEF File Restore: Time (s): cpu = 00:00:00 ; elapsed = 00:00:00.032 . Memory (MB): peak = 4104.004 ; gain = 0.000
Netlist sorting complete. Time (s): cpu = 00:00:00 ; elapsed = 00:00:00 . Memory (MB): peak = 4104.004 ; gain = 0.000
INFO: [Project 1-111] Unisim Transformation Summary:
No Unisim elements were transformed.

WARNING: [Timing 38-313] There are no user specified timing constraints. Timing constraints are needed for proper timing analysis.
reset_run synth_1
launch_runs impl_1 -to_step write_bitstream -jobs 8
[Wed Nov 20 10:51:48 2024] Launched synth_1...
Run output will be captured here: D:/Vivado/repos/pointer/pointer.runs/synth_1/runme.log
[Wed Nov 20 10:51:48 2024] Launched impl_1...
Run output will be captured here: D:/Vivado/repos/pointer/pointer.runs/impl_1/runme.log
reset_run synth_1
launch_runs impl_1 -to_step write_bitstream -jobs 8
[Wed Nov 20 10:54:01 2024] Launched synth_1...
Run output will be captured here: D:/Vivado/repos/pointer/pointer.runs/synth_1/runme.log
[Wed Nov 20 10:54:01 2024] Launched impl_1...
Run output will be captured here: D:/Vivado/repos/pointer/pointer.runs/impl_1/runme.log
reset_run synth_1
launch_runs impl_1 -to_step write_bitstream -jobs 8
[Wed Nov 20 10:57:11 2024] Launched synth_1...
Run output will be captured here: D:/Vivado/repos/pointer/pointer.runs/synth_1/runme.log
[Wed Nov 20 10:57:11 2024] Launched impl_1...
Run output will be captured here: D:/Vivado/repos/pointer/pointer.runs/impl_1/runme.log
refresh_design
Netlist sorting complete. Time (s): cpu = 00:00:00 ; elapsed = 00:00:00 . Memory (MB): peak = 4104.004 ; gain = 0.000
INFO: [Project 1-479] Netlist was created with Vivado 2019.2
INFO: [Project 1-570] Preparing netlist for logic optimization
INFO: [Timing 38-478] Restoring timing data from binary archive.
INFO: [Timing 38-479] Binary timing data restore complete.
INFO: [Project 1-856] Restoring constraints from binary archive.
INFO: [Project 1-853] Binary constraint restore complete.
Reading XDEF placement.
Reading placer database...
Reading XDEF routing.
Read XDEF File: Time (s): cpu = 00:00:00 ; elapsed = 00:00:00.022 . Memory (MB): peak = 4104.004 ; gain = 0.000
Restored from archive | CPU: 0.000000 secs | Memory: 0.000000 MB |
Finished XDEF File Restore: Time (s): cpu = 00:00:00 ; elapsed = 00:00:00.022 . Memory (MB): peak = 4104.004 ; gain = 0.000
WARNING: [Timing 38-313] There are no user specified timing constraints. Timing constraints are needed for proper timing analysis.
reset_run synth_1
launch_runs impl_1 -to_step write_bitstream -jobs 8
[Wed Nov 20 11:10:57 2024] Launched synth_1...
Run output will be captured here: D:/Vivado/repos/pointer/pointer.runs/synth_1/runme.log
[Wed Nov 20 11:10:57 2024] Launched impl_1...
Run output will be captured here: D:/Vivado/repos/pointer/pointer.runs/impl_1/runme.log
reset_run synth_1
launch_runs impl_1 -to_step write_bitstream -jobs 8
[Wed Nov 20 11:15:10 2024] Launched synth_1...
Run output will be captured here: D:/Vivado/repos/pointer/pointer.runs/synth_1/runme.log
[Wed Nov 20 11:15:10 2024] Launched impl_1...
Run output will be captured here: D:/Vivado/repos/pointer/pointer.runs/impl_1/runme.log
reset_run synth_1
launch_runs impl_1 -to_step write_bitstream -jobs 8
[Wed Nov 20 11:23:07 2024] Launched synth_1...
Run output will be captured here: D:/Vivado/repos/pointer/pointer.runs/synth_1/runme.log
[Wed Nov 20 11:23:07 2024] Launched impl_1...
Run output will be captured here: D:/Vivado/repos/pointer/pointer.runs/impl_1/runme.log
reset_run synth_1
launch_runs impl_1 -to_step write_bitstream -jobs 8
[Wed Nov 20 11:23:49 2024] Launched synth_1...
Run output will be captured here: D:/Vivado/repos/pointer/pointer.runs/synth_1/runme.log
[Wed Nov 20 11:23:49 2024] Launched impl_1...
Run output will be captured here: D:/Vivado/repos/pointer/pointer.runs/impl_1/runme.log
reset_run synth_1
launch_runs impl_1 -to_step write_bitstream -jobs 8
[Wed Nov 20 11:33:26 2024] Launched synth_1...
Run output will be captured here: D:/Vivado/repos/pointer/pointer.runs/synth_1/runme.log
[Wed Nov 20 11:33:26 2024] Launched impl_1...
Run output will be captured here: D:/Vivado/repos/pointer/pointer.runs/impl_1/runme.log
reset_run synth_1
launch_runs impl_1 -to_step write_bitstream -jobs 8
[Wed Nov 20 11:37:41 2024] Launched synth_1...
Run output will be captured here: D:/Vivado/repos/pointer/pointer.runs/synth_1/runme.log
[Wed Nov 20 11:37:41 2024] Launched impl_1...
Run output will be captured here: D:/Vivado/repos/pointer/pointer.runs/impl_1/runme.log
exit
INFO: [Common 17-206] Exiting Vivado at Wed Nov 20 11:40:45 2024...
