#-----------------------------------------------------------
# Vivado v2019.2 (64-bit)
# SW Build 2708876 on Wed Nov  6 21:40:23 MST 2019
# IP Build 2700528 on Thu Nov  7 00:09:20 MST 2019
# Start of session at: Thu Nov 21 09:29:06 2024
# Process ID: 11984
# Current directory: D:/Vivado/repos/multiplier
# Command line: vivado.exe -gui_launcher_event rodinguilauncherevent15436 D:\Vivado\repos\multiplier\multiplier.xpr
# Log file: D:/Vivado/repos/multiplier/vivado.log
# Journal file: D:/Vivado/repos/multiplier\vivado.jou
#-----------------------------------------------------------
start_gui
open_project D:/Vivado/repos/multiplier/multiplier.xpr
Scanning sources...
Finished scanning sources
INFO: [IP_Flow 19-234] Refreshing IP repositories
INFO: [IP_Flow 19-1704] No user IP repositories specified
INFO: [IP_Flow 19-2313] Loaded Vivado IP repository 'D:/Vivado/Vivado/2019.2/data/ip'.
open_project: Time (s): cpu = 00:00:08 ; elapsed = 00:00:09 . Memory (MB): peak = 916.281 ; gain = 242.922
update_compile_order -fileset sources_1
reset_run synth_1
launch_runs impl_1 -jobs 8
[Thu Nov 21 09:31:12 2024] Launched synth_1...
Run output will be captured here: D:/Vivado/repos/multiplier/multiplier.runs/synth_1/runme.log
[Thu Nov 21 09:31:12 2024] Launched impl_1...
Run output will be captured here: D:/Vivado/repos/multiplier/multiplier.runs/impl_1/runme.log
open_run impl_1
INFO: [Device 21-403] Loading part xc7a200tfbg676-2
Netlist sorting complete. Time (s): cpu = 00:00:00 ; elapsed = 00:00:00.001 . Memory (MB): peak = 1250.035 ; gain = 0.000
INFO: [Netlist 29-17] Analyzing 3 Unisim elements for replacement
INFO: [Netlist 29-28] Unisim Transformation completed in 0 CPU seconds
INFO: [Project 1-479] Netlist was created with Vivado 2019.2
INFO: [Project 1-570] Preparing netlist for logic optimization
INFO: [Timing 38-478] Restoring timing data from binary archive.
INFO: [Timing 38-479] Binary timing data restore complete.
INFO: [Project 1-856] Restoring constraints from binary archive.
INFO: [Project 1-853] Binary constraint restore complete.
Reading XDEF placement.
Reading placer database...
Reading XDEF routing.
Read XDEF File: Time (s): cpu = 00:00:00 ; elapsed = 00:00:00.028 . Memory (MB): peak = 1952.219 ; gain = 0.000
Restored from archive | CPU: 0.000000 secs | Memory: 0.000000 MB |
Finished XDEF File Restore: Time (s): cpu = 00:00:00 ; elapsed = 00:00:00.028 . Memory (MB): peak = 1952.219 ; gain = 0.000
Netlist sorting complete. Time (s): cpu = 00:00:00 ; elapsed = 00:00:00 . Memory (MB): peak = 1952.219 ; gain = 0.000
INFO: [Project 1-111] Unisim Transformation Summary:
No Unisim elements were transformed.

open_run: Time (s): cpu = 00:00:09 ; elapsed = 00:00:12 . Memory (MB): peak = 2192.613 ; gain = 1220.668
WARNING: [Timing 38-313] There are no user specified timing constraints. Timing constraints are needed for proper timing analysis.
launch_runs impl_1 -to_step write_bitstream -jobs 8
[Thu Nov 21 09:34:20 2024] Launched impl_1...
Run output will be captured here: D:/Vivado/repos/multiplier/multiplier.runs/impl_1/runme.log
reset_run synth_1
launch_runs impl_1 -to_step write_bitstream -jobs 8
[Thu Nov 21 09:41:16 2024] Launched synth_1...
Run output will be captured here: D:/Vivado/repos/multiplier/multiplier.runs/synth_1/runme.log
[Thu Nov 21 09:41:16 2024] Launched impl_1...
Run output will be captured here: D:/Vivado/repos/multiplier/multiplier.runs/impl_1/runme.log
reset_run synth_1
launch_runs impl_1 -to_step write_bitstream -jobs 8
[Thu Nov 21 09:46:47 2024] Launched synth_1...
Run output will be captured here: D:/Vivado/repos/multiplier/multiplier.runs/synth_1/runme.log
[Thu Nov 21 09:46:47 2024] Launched impl_1...
Run output will be captured here: D:/Vivado/repos/multiplier/multiplier.runs/impl_1/runme.log
refresh_design
Netlist sorting complete. Time (s): cpu = 00:00:00 ; elapsed = 00:00:00.001 . Memory (MB): peak = 3315.668 ; gain = 0.000
INFO: [Netlist 29-17] Analyzing 3 Unisim elements for replacement
INFO: [Netlist 29-28] Unisim Transformation completed in 0 CPU seconds
INFO: [Project 1-479] Netlist was created with Vivado 2019.2
INFO: [Project 1-570] Preparing netlist for logic optimization
INFO: [Timing 38-478] Restoring timing data from binary archive.
INFO: [Timing 38-479] Binary timing data restore complete.
INFO: [Project 1-856] Restoring constraints from binary archive.
INFO: [Project 1-853] Binary constraint restore complete.
Reading XDEF placement.
Reading placer database...
Reading XDEF routing.
Read XDEF File: Time (s): cpu = 00:00:00 ; elapsed = 00:00:00.029 . Memory (MB): peak = 3315.668 ; gain = 0.000
Restored from archive | CPU: 0.000000 secs | Memory: 0.000000 MB |
Finished XDEF File Restore: Time (s): cpu = 00:00:00 ; elapsed = 00:00:00.029 . Memory (MB): peak = 3315.668 ; gain = 0.000
WARNING: [Timing 38-313] There are no user specified timing constraints. Timing constraints are needed for proper timing analysis.
reset_run synth_1
launch_runs impl_1 -to_step write_bitstream -jobs 8
[Thu Nov 21 09:56:47 2024] Launched synth_1...
Run output will be captured here: D:/Vivado/repos/multiplier/multiplier.runs/synth_1/runme.log
[Thu Nov 21 09:56:47 2024] Launched impl_1...
Run output will be captured here: D:/Vivado/repos/multiplier/multiplier.runs/impl_1/runme.log
exit
INFO: [Common 17-206] Exiting Vivado at Thu Nov 21 10:01:20 2024...
