#-----------------------------------------------------------
# Vivado v2019.2 (64-bit)
# SW Build 2708876 on Wed Nov  6 21:40:23 MST 2019
# IP Build 2700528 on Thu Nov  7 00:09:20 MST 2019
# Start of session at: Thu Dec  5 13:59:04 2024
# Process ID: 107048
# Current directory: D:/Vivado/repos/CPUProject
# Command line: vivado.exe -gui_launcher_event rodinguilauncherevent78312 D:\Vivado\repos\CPUProject\thinpad_top.xpr
# Log file: D:/Vivado/repos/CPUProject/vivado.log
# Journal file: D:/Vivado/repos/CPUProject\vivado.jou
#-----------------------------------------------------------
start_gui
open_project D:/Vivado/repos/CPUProject/thinpad_top.xpr
INFO: [Project 1-313] Project file moved from 'C:/Users/QuGua/Desktop/1' since last save.
Scanning sources...
Finished scanning sources
WARNING: [filemgmt 56-2] IPUserFilesDir: Could not find the directory 'D:/Vivado/repos/CPUProject/thinpad_top.ip_user_files', nor could it be found using path 'C:/Users/QuGua/Desktop/1/thinpad_top.ip_user_files'.
INFO: [IP_Flow 19-234] Refreshing IP repositories
INFO: [IP_Flow 19-1704] No user IP repositories specified
INFO: [IP_Flow 19-2313] Loaded Vivado IP repository 'D:/Vivado/Vivado/2019.2/data/ip'.
open_project: Time (s): cpu = 00:00:03 ; elapsed = 00:00:06 . Memory (MB): peak = 1079.266 ; gain = 390.941
update_compile_order -fileset sources_1
add_files -norecurse {D:/Vivado/repos/CPUProject/thinpad_top.srcs/sources_1/new/async.v D:/Vivado/repos/CPUProject/thinpad_top.srcs/sources_1/new/regfile.v D:/Vivado/repos/CPUProject/thinpad_top.srcs/sources_1/new/thinpad_top.v D:/Vivado/repos/CPUProject/thinpad_top.srcs/sources_1/new/vga.v D:/Vivado/repos/CPUProject/thinpad_top.srcs/sources_1/new/ALU_Control.v D:/Vivado/repos/CPUProject/thinpad_top.srcs/sources_1/new/SEG7_LUT.v D:/Vivado/repos/CPUProject/thinpad_top.srcs/sources_1/new/ALU.v D:/Vivado/repos/CPUProject/thinpad_top.srcs/sources_1/new/Control.v}
WARNING: [filemgmt 56-12] File 'D:/Vivado/repos/CPUProject/thinpad_top.srcs/sources_1/new/async.v' cannot be added to the project because it already exists in the project, skipping this file
WARNING: [filemgmt 56-12] File 'D:/Vivado/repos/CPUProject/thinpad_top.srcs/sources_1/new/thinpad_top.v' cannot be added to the project because it already exists in the project, skipping this file
WARNING: [filemgmt 56-12] File 'D:/Vivado/repos/CPUProject/thinpad_top.srcs/sources_1/new/vga.v' cannot be added to the project because it already exists in the project, skipping this file
WARNING: [filemgmt 56-12] File 'D:/Vivado/repos/CPUProject/thinpad_top.srcs/sources_1/new/SEG7_LUT.v' cannot be added to the project because it already exists in the project, skipping this file
update_compile_order -fileset sources_1
set_property source_mgmt_mode All [current_project]
close [ open D:/Vivado/repos/CPUProject/thinpad_top.srcs/sources_1/new/PC.v w ]
add_files D:/Vivado/repos/CPUProject/thinpad_top.srcs/sources_1/new/PC.v
update_compile_order -fileset sources_1
close_project
open_project D:/Vivado/repos/ALU/ALU.xpr
Scanning sources...
Finished scanning sources
INFO: [IP_Flow 19-234] Refreshing IP repositories
INFO: [IP_Flow 19-1704] No user IP repositories specified
INFO: [IP_Flow 19-2313] Loaded Vivado IP repository 'D:/Vivado/Vivado/2019.2/data/ip'.
update_compile_order -fileset sources_1
close_project
open_project D:/Vivado/repos/CPUProject/thinpad_top.xpr
Scanning sources...
Finished scanning sources
WARNING: [filemgmt 56-3] IPUserFilesDir: Could not find the directory 'D:/Vivado/repos/CPUProject/thinpad_top.ip_user_files'.
INFO: [IP_Flow 19-234] Refreshing IP repositories
INFO: [IP_Flow 19-1704] No user IP repositories specified
INFO: [IP_Flow 19-2313] Loaded Vivado IP repository 'D:/Vivado/Vivado/2019.2/data/ip'.
update_compile_order -fileset sources_1
close [ open D:/Vivado/repos/CPUProject/thinpad_top.srcs/sources_1/new/DM.v w ]
add_files D:/Vivado/repos/CPUProject/thinpad_top.srcs/sources_1/new/DM.v
close [ open D:/Vivado/repos/CPUProject/thinpad_top.srcs/sources_1/new/IM.v w ]
add_files D:/Vivado/repos/CPUProject/thinpad_top.srcs/sources_1/new/IM.v
close [ open D:/Vivado/repos/CPUProject/thinpad_top.srcs/sources_1/new/m_CPU.v w ]
add_files D:/Vivado/repos/CPUProject/thinpad_top.srcs/sources_1/new/m_CPU.v
update_compile_order -fileset sources_1
close [ open D:/Vivado/repos/CPUProject/thinpad_top.srcs/sources_1/new/MUX2X32.v w ]
add_files D:/Vivado/repos/CPUProject/thinpad_top.srcs/sources_1/new/MUX2X32.v
close [ open D:/Vivado/repos/CPUProject/thinpad_top.srcs/sources_1/new/SHIFTLEFT2.v w ]
add_files D:/Vivado/repos/CPUProject/thinpad_top.srcs/sources_1/new/SHIFTLEFT2.v
close [ open D:/Vivado/repos/CPUProject/thinpad_top.srcs/sources_1/new/EXT16TO32.v w ]
add_files D:/Vivado/repos/CPUProject/thinpad_top.srcs/sources_1/new/EXT16TO32.v
update_compile_order -fileset sources_1
export_ip_user_files -of_objects  [get_files D:/Vivado/repos/CPUProject/thinpad_top.srcs/sources_1/new/IM.v] -no_script -reset -force -quiet
remove_files  D:/Vivado/repos/CPUProject/thinpad_top.srcs/sources_1/new/IM.v
file delete -force D:/Vivado/repos/CPUProject/thinpad_top.srcs/sources_1/new/IM.v
export_ip_user_files -of_objects  [get_files D:/Vivado/repos/CPUProject/thinpad_top.srcs/sources_1/new/DM.v] -no_script -reset -force -quiet
remove_files  D:/Vivado/repos/CPUProject/thinpad_top.srcs/sources_1/new/DM.v
file delete -force D:/Vivado/repos/CPUProject/thinpad_top.srcs/sources_1/new/DM.v
export_ip_user_files -of_objects  [get_files D:/Vivado/repos/CPUProject/thinpad_top.srcs/sources_1/new/MUX2X32.v] -no_script -reset -force -quiet
remove_files  D:/Vivado/repos/CPUProject/thinpad_top.srcs/sources_1/new/MUX2X32.v
file delete -force D:/Vivado/repos/CPUProject/thinpad_top.srcs/sources_1/new/MUX2X32.v
close [ open D:/Vivado/repos/CPUProject/thinpad_top.srcs/sources_1/new/inout_top.v w ]
add_files D:/Vivado/repos/CPUProject/thinpad_top.srcs/sources_1/new/inout_top.v
update_compile_order -fileset sources_1
export_ip_user_files -of_objects  [get_files D:/Vivado/repos/CPUProject/thinpad_top.srcs/sources_1/new/SHIFTLEFT2.v] -no_script -reset -force -quiet
remove_files  D:/Vivado/repos/CPUProject/thinpad_top.srcs/sources_1/new/SHIFTLEFT2.v
file delete -force D:/Vivado/repos/CPUProject/thinpad_top.srcs/sources_1/new/SHIFTLEFT2.v
exit
INFO: [Common 17-206] Exiting Vivado at Thu Dec  5 21:42:43 2024...
