#-----------------------------------------------------------
# Vivado v2019.2 (64-bit)
# SW Build 2708876 on Wed Nov  6 21:40:23 MST 2019
# IP Build 2700528 on Thu Nov  7 00:09:20 MST 2019
# Start of session at: Thu Dec  5 22:15:28 2024
# Process ID: 118252
# Current directory: D:/Vivado/repos/CPUProject
# Command line: vivado.exe -gui_launcher_event rodinguilauncherevent82800 D:\Vivado\repos\CPUProject\thinpad_top.xpr
# Log file: D:/Vivado/repos/CPUProject/vivado.log
# Journal file: D:/Vivado/repos/CPUProject\vivado.jou
#-----------------------------------------------------------
start_gui
open_project D:/Vivado/repos/CPUProject/thinpad_top.xpr
Scanning sources...
Finished scanning sources
INFO: [IP_Flow 19-234] Refreshing IP repositories
INFO: [IP_Flow 19-1704] No user IP repositories specified
INFO: [IP_Flow 19-2313] Loaded Vivado IP repository 'D:/Vivado/Vivado/2019.2/data/ip'.
open_project: Time (s): cpu = 00:00:04 ; elapsed = 00:00:08 . Memory (MB): peak = 1108.742 ; gain = 415.184
update_compile_order -fileset sources_1
exit
INFO: [Common 17-206] Exiting Vivado at Thu Dec  5 22:16:04 2024...
