Vivado Simulator 2019.2
Time resolution is 1 ps
Read data1:          0, Read data2:          0
Read data1:          0, Read data2:          0
Read data1:          0, Read data2:          0
Read data1:          0, Read data2:          0
Read data1:          0, Read data2:          0
Read data1:          0, Read data2:          0
Read data1:          0, Read data2:          0
Read data1:          0, Read data2:          0
Read data1:          0, Read data2:          0
Read data1:          0, Read data2:          0
Read data1:          0, Read data2:          0
Read data1:          0, Read data2:          0
Read data1:          0, Read data2:          0
Read data1:          0, Read data2:          0
Read data1:          0, Read data2:          0
Read data1:          0, Read data2:          0
Read data1:          0, Read data2:          0
Read data1:          0, Read data2:          0
Read data1:          0, Read data2:          0
Read data1:          0, Read data2:          0
Read data1:          0, Read data2:          0
Read data1:          0, Read data2:          0
Read data1:          0, Read data2:          0
Read data1:          0, Read data2:          0
Read data1:          0, Read data2:          0
Read data1:          0, Read data2:          0
Read data1:          0, Read data2:          0
Read data1:          0, Read data2:          0
Read data1:          0, Read data2:          0
Read data1:          0, Read data2:          0
Read data1:          0, Read data2:          0
Read data1:          0, Read data2:          0
Read data1:          0, Read data2:          1
Read data1:          1, Read data2:          2
Read data1:          2, Read data2:          3
Read data1:          3, Read data2:          4
Read data1:          4, Read data2:          5
Read data1:          5, Read data2:          6
Read data1:          6, Read data2:          7
Read data1:          7, Read data2:          8
Read data1:          8, Read data2:          9
Read data1:          9, Read data2:         10
Read data1:         10, Read data2:         11
Read data1:         11, Read data2:         12
Read data1:         12, Read data2:         13
Read data1:         13, Read data2:         14
Read data1:         14, Read data2:         15
Read data1:         15, Read data2:         16
Read data1:         16, Read data2:         17
Read data1:         17, Read data2:         18
Read data1:         18, Read data2:         19
Read data1:         19, Read data2:         20
Read data1:         20, Read data2:         21
Read data1:         21, Read data2:         22
Read data1:         22, Read data2:         23
Read data1:         23, Read data2:         24
Read data1:         24, Read data2:         25
Read data1:         25, Read data2:         26
Read data1:         26, Read data2:         27
Read data1:         27, Read data2:         28
Read data1:         28, Read data2:         29
Read data1:         29, Read data2:         30
Read data1:         30, Read data2:         31
$finish called at time : 650 ns : File "D:/Vivado/repos/regfile/regfile.srcs/sim_1/new/regfile_tb.v" Line 85
