#-----------------------------------------------------------
# Vivado v2019.2 (64-bit)
# SW Build 2708876 on Wed Nov  6 21:40:23 MST 2019
# IP Build 2700528 on Thu Nov  7 00:09:20 MST 2019
# Start of session at: Sat Nov 30 13:10:27 2024
# Process ID: 72940
# Current directory: D:/Vivado/repos/ALU
# Command line: vivado.exe -gui_launcher_event rodinguilauncherevent75008 D:\Vivado\repos\ALU\ALU.xpr
# Log file: D:/Vivado/repos/ALU/vivado.log
# Journal file: D:/Vivado/repos/ALU\vivado.jou
#-----------------------------------------------------------
start_gui
open_project D:/Vivado/repos/ALU/ALU.xpr
Scanning sources...
Finished scanning sources
INFO: [IP_Flow 19-234] Refreshing IP repositories
INFO: [IP_Flow 19-1704] No user IP repositories specified
INFO: [IP_Flow 19-2313] Loaded Vivado IP repository 'D:/Vivado/Vivado/2019.2/data/ip'.
open_project: Time (s): cpu = 00:00:02 ; elapsed = 00:00:06 . Memory (MB): peak = 902.305 ; gain = 219.445
update_compile_order -fileset sources_1
launch_simulation
Command: launch_simulation 
INFO: [Vivado 12-5682] Launching behavioral simulation in 'D:/Vivado/repos/ALU/ALU.sim/sim_1/behav/xsim'
INFO: [SIM-utils-51] Simulation object is 'sim_1'
INFO: [SIM-utils-54] Inspecting design source files for 'ALU_tb' in fileset 'sim_1'...
INFO: [USF-XSim-97] Finding global include files...
INFO: [USF-XSim-98] Fetching design files from 'sim_1'...
INFO: [USF-XSim-2] XSim::Compile design
INFO: [USF-XSim-61] Executing 'COMPILE and ANALYZE' step in 'D:/Vivado/repos/ALU/ALU.sim/sim_1/behav/xsim'
"xvlog --incr --relax -prj ALU_tb_vlog.prj"
INFO: [VRFC 10-2263] Analyzing Verilog file "D:/Vivado/repos/ALU/ALU.srcs/sources_1/new/ALU.v" into library xil_defaultlib
INFO: [VRFC 10-311] analyzing module ALU
INFO: [VRFC 10-2263] Analyzing Verilog file "D:/Vivado/repos/ALU/ALU.srcs/sim_1/new/ALU_tb.v" into library xil_defaultlib
INFO: [VRFC 10-311] analyzing module ALU_tb
INFO: [USF-XSim-69] 'compile' step finished in '1' seconds
INFO: [USF-XSim-3] XSim::Elaborate design
INFO: [USF-XSim-61] Executing 'ELABORATE' step in 'D:/Vivado/repos/ALU/ALU.sim/sim_1/behav/xsim'
"xelab -wto 1c1236ed117d43d39980d0b13234f4d9 --incr --debug typical --relax --mt 2 -L xil_defaultlib -L unisims_ver -L unimacro_ver -L secureip --snapshot ALU_tb_behav xil_defaultlib.ALU_tb xil_defaultlib.glbl -log elaborate.log"
Vivado Simulator 2019.2
Copyright 1986-1999, 2001-2019 Xilinx, Inc. All Rights Reserved.
Running: D:/Vivado/Vivado/2019.2/bin/unwrapped/win64.o/xelab.exe -wto 1c1236ed117d43d39980d0b13234f4d9 --incr --debug typical --relax --mt 2 -L xil_defaultlib -L unisims_ver -L unimacro_ver -L secureip --snapshot ALU_tb_behav xil_defaultlib.ALU_tb xil_defaultlib.glbl -log elaborate.log 
Using 2 slave threads.
Starting static elaboration
Pass Through NonSizing Optimizer
Completed static elaboration
Starting simulation data flow analysis
Completed simulation data flow analysis
Time Resolution for simulation is 1ps
Compiling module xil_defaultlib.ALU
Compiling module xil_defaultlib.ALU_tb
Compiling module xil_defaultlib.glbl
Built simulation snapshot ALU_tb_behav

****** Webtalk v2019.2 (64-bit)
  **** SW Build 2708876 on Wed Nov  6 21:40:23 MST 2019
  **** IP Build 2700528 on Thu Nov  7 00:09:20 MST 2019
    ** Copyright 1986-2019 Xilinx, Inc. All Rights Reserved.

source D:/Vivado/repos/ALU/ALU.sim/sim_1/behav/xsim/xsim.dir/ALU_tb_behav/webtalk/xsim_webtalk.tcl -notrace
INFO: [Common 17-206] Exiting Webtalk at Sat Nov 30 13:11:34 2024...
INFO: [USF-XSim-69] 'elaborate' step finished in '4' seconds
INFO: [USF-XSim-4] XSim::Simulate design
INFO: [USF-XSim-61] Executing 'SIMULATE' step in 'D:/Vivado/repos/ALU/ALU.sim/sim_1/behav/xsim'
INFO: [USF-XSim-98] *** Running xsim
   with args "ALU_tb_behav -key {Behavioral:sim_1:Functional:ALU_tb} -tclbatch {ALU_tb.tcl} -log {simulate.log}"
INFO: [USF-XSim-8] Loading simulator feature
Vivado Simulator 2019.2
Time resolution is 1 ps
source ALU_tb.tcl
# set curr_wave [current_wave_config]
# if { [string length $curr_wave] == 0 } {
#   if { [llength [get_objects]] > 0} {
#     add_wave /
#     set_property needs_save false [current_wave_config]
#   } else {
#      send_msg_id Add_Wave-1 WARNING "No top level signals found. Simulator will start without a wave window. If you want to open a wave window go to 'File->New Waveform Configuration' or type 'create_wave_config' in the TCL console."
#   }
# }
# run 1000ns
A=        99, B=        76, ALU_OP=0, ALU_OUT=       175, zero=0
A=        14, B=        76, ALU_OP=1, ALU_OUT=4294967234, zero=0
A=        42, B=        27, ALU_OP=1, ALU_OUT=        15, zero=0
A=        27, B=        93, ALU_OP=1, ALU_OUT=4294967230, zero=0
A=         8, B=        84, ALU_OP=0, ALU_OUT=        92, zero=0
A=        66, B=        63, ALU_OP=2, ALU_OUT=         2, zero=0
A=         3, B=        23, ALU_OP=2, ALU_OUT=         3, zero=0
A=        68, B=        41, ALU_OP=1, ALU_OUT=        27, zero=0
A=        26, B=        45, ALU_OP=0, ALU_OUT=        71, zero=0
A=        20, B=        65, ALU_OP=2, ALU_OUT=         0, zero=1
A=        81, B=        43, ALU_OP=3, ALU_OUT=   2818048, zero=0
A=        17, B=        15, ALU_OP=0, ALU_OUT=        32, zero=0
A=        95, B=        48, ALU_OP=3, ALU_OUT=   3145728, zero=0
A=        22, B=        17, ALU_OP=2, ALU_OUT=        16, zero=0
A=        66, B=        13, ALU_OP=2, ALU_OUT=         0, zero=1
A=        53, B=        39, ALU_OP=3, ALU_OUT=   2555904, zero=0
A=         7, B=        54, ALU_OP=0, ALU_OUT=        61, zero=0
A=        61, B=        59, ALU_OP=0, ALU_OUT=       120, zero=0
A=        33, B=        67, ALU_OP=2, ALU_OUT=         1, zero=0
A=        73, B=        80, ALU_OP=1, ALU_OUT=4294967289, zero=0
A=         1, B=        65, ALU_OP=0, ALU_OUT=        66, zero=0
A=        87, B=        91, ALU_OP=1, ALU_OUT=4294967292, zero=0
A=        81, B=        44, ALU_OP=2, ALU_OUT=         0, zero=1
A=        45, B=        80, ALU_OP=1, ALU_OUT=4294967261, zero=0
A=        90, B=        13, ALU_OP=2, ALU_OUT=         8, zero=0
A=        53, B=        10, ALU_OP=2, ALU_OUT=         0, zero=1
A=        58, B=         1, ALU_OP=3, ALU_OUT=     65536, zero=0
A=         8, B=         6, ALU_OP=1, ALU_OUT=         2, zero=0
A=        42, B=        68, ALU_OP=2, ALU_OUT=         0, zero=1
A=        89, B=        77, ALU_OP=0, ALU_OUT=       166, zero=0
A=        99, B=        71, ALU_OP=1, ALU_OUT=        28, zero=0
A=        61, B=        61, ALU_OP=2, ALU_OUT=        61, zero=0
INFO: [USF-XSim-96] XSim completed. Design snapshot 'ALU_tb_behav' loaded.
INFO: [USF-XSim-97] XSim simulation ran for 1000ns
launch_simulation: Time (s): cpu = 00:00:02 ; elapsed = 00:00:08 . Memory (MB): peak = 948.691 ; gain = 21.188
close_sim
INFO: [Simtcl 6-16] Simulation closed
launch_simulation
Command: launch_simulation 
INFO: [Vivado 12-5682] Launching behavioral simulation in 'D:/Vivado/repos/ALU/ALU.sim/sim_1/behav/xsim'
INFO: [SIM-utils-51] Simulation object is 'sim_1'
INFO: [SIM-utils-54] Inspecting design source files for 'ALU_tb' in fileset 'sim_1'...
INFO: [USF-XSim-97] Finding global include files...
INFO: [USF-XSim-98] Fetching design files from 'sim_1'...
INFO: [USF-XSim-2] XSim::Compile design
INFO: [USF-XSim-61] Executing 'COMPILE and ANALYZE' step in 'D:/Vivado/repos/ALU/ALU.sim/sim_1/behav/xsim'
"xvlog --incr --relax -prj ALU_tb_vlog.prj"
INFO: [VRFC 10-2263] Analyzing Verilog file "D:/Vivado/repos/ALU/ALU.srcs/sources_1/new/ALU.v" into library xil_defaultlib
INFO: [VRFC 10-311] analyzing module ALU
INFO: [VRFC 10-2263] Analyzing Verilog file "D:/Vivado/repos/ALU/ALU.srcs/sim_1/new/ALU_tb.v" into library xil_defaultlib
INFO: [VRFC 10-311] analyzing module ALU_tb
INFO: [USF-XSim-69] 'compile' step finished in '1' seconds
INFO: [USF-XSim-3] XSim::Elaborate design
INFO: [USF-XSim-61] Executing 'ELABORATE' step in 'D:/Vivado/repos/ALU/ALU.sim/sim_1/behav/xsim'
"xelab -wto 1c1236ed117d43d39980d0b13234f4d9 --incr --debug typical --relax --mt 2 -L xil_defaultlib -L unisims_ver -L unimacro_ver -L secureip --snapshot ALU_tb_behav xil_defaultlib.ALU_tb xil_defaultlib.glbl -log elaborate.log"
Vivado Simulator 2019.2
Copyright 1986-1999, 2001-2019 Xilinx, Inc. All Rights Reserved.
Running: D:/Vivado/Vivado/2019.2/bin/unwrapped/win64.o/xelab.exe -wto 1c1236ed117d43d39980d0b13234f4d9 --incr --debug typical --relax --mt 2 -L xil_defaultlib -L unisims_ver -L unimacro_ver -L secureip --snapshot ALU_tb_behav xil_defaultlib.ALU_tb xil_defaultlib.glbl -log elaborate.log 
Using 2 slave threads.
Starting static elaboration
Pass Through NonSizing Optimizer
Completed static elaboration
Starting simulation data flow analysis
Completed simulation data flow analysis
Time Resolution for simulation is 1ps
Compiling module xil_defaultlib.ALU
Compiling module xil_defaultlib.ALU_tb
Compiling module xil_defaultlib.glbl
Built simulation snapshot ALU_tb_behav
INFO: [USF-XSim-69] 'elaborate' step finished in '1' seconds
INFO: [USF-XSim-4] XSim::Simulate design
INFO: [USF-XSim-61] Executing 'SIMULATE' step in 'D:/Vivado/repos/ALU/ALU.sim/sim_1/behav/xsim'
INFO: [USF-XSim-98] *** Running xsim
   with args "ALU_tb_behav -key {Behavioral:sim_1:Functional:ALU_tb} -tclbatch {ALU_tb.tcl} -log {simulate.log}"
INFO: [USF-XSim-8] Loading simulator feature
Vivado Simulator 2019.2
Time resolution is 1 ps
source ALU_tb.tcl
# set curr_wave [current_wave_config]
# if { [string length $curr_wave] == 0 } {
#   if { [llength [get_objects]] > 0} {
#     add_wave /
#     set_property needs_save false [current_wave_config]
#   } else {
#      send_msg_id Add_Wave-1 WARNING "No top level signals found. Simulator will start without a wave window. If you want to open a wave window go to 'File->New Waveform Configuration' or type 'create_wave_config' in the TCL console."
#   }
# }
# run 1000ns
A=       175, B=        99, ALU_OP=0, ALU_OUT=       274, zero=0
A=        90, B=        14, ALU_OP=1, ALU_OUT=        76, zero=0
A=        69, B=        42, ALU_OP=1, ALU_OUT=        27, zero=0
A=       120, B=        27, ALU_OP=1, ALU_OUT=        93, zero=0
A=        92, B=         8, ALU_OP=0, ALU_OUT=       100, zero=0
A=       129, B=        66, ALU_OP=2, ALU_OUT=         0, zero=1
A=        26, B=         3, ALU_OP=2, ALU_OUT=         2, zero=0
A=       109, B=        68, ALU_OP=1, ALU_OUT=        41, zero=0
A=        71, B=        26, ALU_OP=0, ALU_OUT=        97, zero=0
A=        85, B=        20, ALU_OP=2, ALU_OUT=        20, zero=0
A=       124, B=        81, ALU_OP=3, ALU_OUT=   5308416, zero=0
A=        32, B=        17, ALU_OP=0, ALU_OUT=        49, zero=0
A=       143, B=        95, ALU_OP=3, ALU_OUT=   6225920, zero=0
A=        39, B=        22, ALU_OP=2, ALU_OUT=         6, zero=0
A=        79, B=        66, ALU_OP=2, ALU_OUT=        66, zero=0
A=        92, B=        53, ALU_OP=3, ALU_OUT=   3473408, zero=0
A=        61, B=         7, ALU_OP=0, ALU_OUT=        68, zero=0
A=       120, B=        61, ALU_OP=0, ALU_OUT=       181, zero=0
A=       100, B=        33, ALU_OP=2, ALU_OUT=        32, zero=0
A=       153, B=        73, ALU_OP=1, ALU_OUT=        80, zero=0
A=        66, B=         1, ALU_OP=0, ALU_OUT=        67, zero=0
A=       178, B=        87, ALU_OP=1, ALU_OUT=        91, zero=0
A=       125, B=        81, ALU_OP=2, ALU_OUT=        81, zero=0
A=       125, B=        45, ALU_OP=1, ALU_OUT=        80, zero=0
A=       103, B=        90, ALU_OP=2, ALU_OUT=        66, zero=0
A=        63, B=        53, ALU_OP=2, ALU_OUT=        53, zero=0
A=        59, B=        58, ALU_OP=3, ALU_OUT=   3801088, zero=0
A=        14, B=         8, ALU_OP=1, ALU_OUT=         6, zero=0
A=       110, B=        42, ALU_OP=2, ALU_OUT=        42, zero=0
A=       166, B=        89, ALU_OP=0, ALU_OUT=       255, zero=0
A=       170, B=        99, ALU_OP=1, ALU_OUT=        71, zero=0
A=       122, B=        61, ALU_OP=2, ALU_OUT=        56, zero=0
INFO: [USF-XSim-96] XSim completed. Design snapshot 'ALU_tb_behav' loaded.
INFO: [USF-XSim-97] XSim simulation ran for 1000ns
close_sim
INFO: [Simtcl 6-16] Simulation closed
exit
INFO: [Common 17-206] Exiting Vivado at Sat Nov 30 14:48:34 2024...
